<?xml version="1.0" encoding="UTF-8"?>
<!-- Generated by org.testng.reporters.JUnitXMLReporter -->
<testsuite ignored="6" hostname="DESKTOP-5E4S7R9" failures="0" tests="5" name="GroupTest" time="130.145" errors="0" timestamp="2022-04-13T00:57:11 PDT">
  <testcase classname="TestCase.DashboardPageTest" name="investingTest" time="18.723"/>
  <testcase classname="TestCase.LoginPageTest" name="LoginTest" time="8.895"/>
  <testcase classname="TestCase.LoginPageTest" name="validateGetTitleTest" time="0.242"/>
  <testcase classname="TestCase.LoginPageTest" name="validateGetTitleTest" time="0.012"/>
  <testcase classname="TestCase.LoginPageTest" name="validateGetTitleTest" time="0.014"/>
  <testcase classname="TestCase.DashboardPageTest" name="varifyUserIdTest" time="0.0">
    <ignored/>
  </testcase> <!-- varifyUserIdTest -->
  <testcase classname="TestCase.LoginPageTest" name="ZerodhaLogoTest" time="0.0">
    <ignored/>
  </testcase> <!-- ZerodhaLogoTest -->
  <testcase classname="TestCase.DashboardPageTest" name="varifyUsername" time="0.0">
    <ignored/>
  </testcase> <!-- varifyUsername -->
  <testcase classname="TestCase.DashboardPageTest" name="varifyEmailId" time="0.0">
    <ignored/>
  </testcase> <!-- varifyEmailId -->
  <testcase classname="TestCase.LoginPageTest" name="KiteLogoTest" time="0.0">
    <ignored/>
  </testcase> <!-- KiteLogoTest -->
  <testcase classname="TestCase.DashboardPageTest" name="varifyNicknameTest" time="0.0">
    <ignored/>
  </testcase> <!-- varifyNicknameTest -->
</testsuite> <!-- GroupTest -->
