<?xml version="1.0" encoding="UTF-8"?>
<!-- Generated by org.testng.reporters.JUnitXMLReporter -->
<testsuite ignored="3" hostname="DESKTOP-5E4S7R9" failures="0" tests="2" name="Test" time="0.07" errors="0" timestamp="2022-04-27T23:44:18 PDT">
  <testcase classname="TestCase.GroupTest" name="method1" time="0.01"/>
  <testcase classname="TestCase.GroupTest" name="method4" time="0.002"/>
  <testcase classname="TestCase.GroupTest" name="method2" time="0.0">
    <ignored/>
  </testcase> <!-- method2 -->
  <testcase classname="TestCase.GroupTest" name="method5" time="0.0">
    <ignored/>
  </testcase> <!-- method5 -->
  <testcase classname="TestCase.GroupTest" name="method3" time="0.0">
    <ignored/>
  </testcase> <!-- method3 -->
</testsuite> <!-- Test -->
