<?xml version="1.0" encoding="UTF-8"?>
<!-- Generated by org.testng.reporters.JUnitXMLReporter -->
<testsuite ignored="0" hostname="DESKTOP-5E4S7R9" failures="0" tests="4" name="Test" time="75.795" errors="0" timestamp="2022-04-20T01:35:09 PDT">
  <testcase classname="TestCase.DashboardPageTest" name="varifyEmailId" time="1.107"/>
  <testcase classname="TestCase.DashboardPageTest" name="varifyNicknameTest" time="1.105"/>
  <testcase classname="TestCase.DashboardPageTest" name="varifyUserIdTest" time="1.051"/>
  <testcase classname="TestCase.DashboardPageTest" name="varifyUsername" time="1.057"/>
</testsuite> <!-- Test -->
