<?xml version="1.0" encoding="UTF-8"?>
<testng-results ignored="3" total="5" passed="2" failed="0" skipped="0">
  <reporter-output>
  </reporter-output>
  <suite started-at="2022-04-27T23:44:18 PDT" name="GroupTest" finished-at="2022-04-27T23:44:18 PDT" duration-ms="70">
    <groups>
      <group name="Sanity">
        <method signature="GroupTest.method1()[pri:0, instance:TestCase.GroupTest@505fc5a4]" name="method1" class="TestCase.GroupTest"/>
        <method signature="GroupTest.method4()[pri:0, instance:TestCase.GroupTest@505fc5a4]" name="method4" class="TestCase.GroupTest"/>
      </group> <!-- Sanity -->
    </groups>
    <test started-at="2022-04-27T23:44:18 PDT" name="Test" finished-at="2022-04-27T23:44:18 PDT" duration-ms="70">
      <class name="TestCase.GroupTest">
        <test-method signature="method1()[pri:0, instance:TestCase.GroupTest@505fc5a4]" started-at="2022-04-27T23:44:18 PDT" name="method1" finished-at="2022-04-27T23:44:18 PDT" duration-ms="10" status="PASS">
          <reporter-output>
          </reporter-output>
        </test-method> <!-- method1 -->
        <test-method signature="method4()[pri:0, instance:TestCase.GroupTest@505fc5a4]" started-at="2022-04-27T23:44:18 PDT" name="method4" finished-at="2022-04-27T23:44:18 PDT" duration-ms="2" status="PASS">
          <reporter-output>
          </reporter-output>
        </test-method> <!-- method4 -->
      </class> <!-- TestCase.GroupTest -->
    </test> <!-- Test -->
  </suite> <!-- GroupTest -->
</testng-results>
